[
  {
    "url": "https://api.github.com/repos/joyent/node/issues/25344",
    "labels_url": "https://api.github.com/repos/joyent/node/issues/25344/labels{/name}",
    "comments_url": "https://api.github.com/repos/joyent/node/issues/25344/comments",
    "events_url": "https://api.github.com/repos/joyent/node/issues/25344/events",
    "html_url": "https://github.com/joyent/node/issues/25344",
    "id": 77219753,
    "number": 25344,
    "title": "node v0.12.2 vs v0.12.3 uptate v8 or downgrade?",
    "user": {
      "login": "kevin2r",
      "id": 10992492,
      "avatar_url": "https://avatars.githubusercontent.com/u/10992492?v=3",
      "gravatar_id": "",
      "url": "https://api.github.com/users/kevin2r",
      "html_url": "https://github.com/kevin2r",
      "followers_url": "https://api.github.com/users/kevin2r/followers",
      "following_url": "https://api.github.com/users/kevin2r/following{/other_user}",
      "gists_url": "https://api.github.com/users/kevin2r/gists{/gist_id}",
      "starred_url": "https://api.github.com/users/kevin2r/starred{/owner}{/repo}",
      "subscriptions_url": "https://api.github.com/users/kevin2r/subscriptions",
      "organizations_url": "https://api.github.com/users/kevin2r/orgs",
      "repos_url": "https://api.github.com/users/kevin2r/repos",
      "events_url": "https://api.github.com/users/kevin2r/events{/privacy}",
      "received_events_url": "https://api.github.com/users/kevin2r/received_events",
      "type": "User",
      "site_admin": false
    },
    "labels": [

    ],
    "state": "open",
    "locked": false,
    "assignee": null,
    "milestone": null,
    "comments": 0,
    "created_at": "2015-05-17T05:20:01Z",
    "updated_at": "2015-05-17T05:20:01Z",
    "closed_at": null,
    "body": "v0.12.2  V8 version: 3.28.73.0\r\nv0.12.3  V8 version: 3.28.71.19"
  },
  {
    "url": "https://api.github.com/repos/joyent/node/issues/25343",
    "labels_url": "https://api.github.com/repos/joyent/node/issues/25343/labels{/name}",
    "comments_url": "https://api.github.com/repos/joyent/node/issues/25343/comments",
    "events_url": "https://api.github.com/repos/joyent/node/issues/25343/events",
    "html_url": "https://github.com/joyent/node/issues/25343",
    "id": 77181531,
    "number": 25343,
    "title": "Streams: Is the .on('data', ...) same as .pipe(..., { end: false}) ?",
    "user": {
      "login": "edin-m",
      "id": 5385371,
      "avatar_url": "https://avatars.githubusercontent.com/u/5385371?v=3",
      "gravatar_id": "",
      "url": "https://api.github.com/users/edin-m",
      "html_url": "https://github.com/edin-m",
      "followers_url": "https://api.github.com/users/edin-m/followers",
      "following_url": "https://api.github.com/users/edin-m/following{/other_user}",
      "gists_url": "https://api.github.com/users/edin-m/gists{/gist_id}",
      "starred_url": "https://api.github.com/users/edin-m/starred{/owner}{/repo}",
      "subscriptions_url": "https://api.github.com/users/edin-m/subscriptions",
      "organizations_url": "https://api.github.com/users/edin-m/orgs",
      "repos_url": "https://api.github.com/users/edin-m/repos",
      "events_url": "https://api.github.com/users/edin-m/events{/privacy}",
      "received_events_url": "https://api.github.com/users/edin-m/received_events",
      "type": "User",
      "site_admin": false
    },
    "labels": [

    ],
    "state": "open",
    "locked": false,
    "assignee": null,
    "milestone": null,
    "comments": 1,
    "created_at": "2015-05-17T01:45:00Z",
    "updated_at": "2015-05-17T03:16:03Z",
    "closed_at": null,
    "body": "I have read about streams multiple times and I have tried and made some of my own small streams.\r\n\r\nI have created stream of zeroes (with buffers) that are sent over TCP on TCP client's command.\r\nStream is generated by readable stream.\r\n\r\nHowever if I use:\r\n\r\n    conn.zeroStream = new ZeroStream(size);\r\n    conn.zeroStream.on('data', function(data) { conn.write(data); });\r\n\r\nmemory usage goes to infinity with OS shutting down the process.\r\n\r\nAnd if I use \r\n\r\n    conn.zeroStream.pipe(conn, { end: false });\r\n\r\nI get no memory performance issues.\r\nAm I misunderstanding streams or is this potentially real memory leak.\r\n\r\nhttps://gist.github.com/edin-m/2c1391e36a0ee6a9c084"
  },
  {
    "url": "https://api.github.com/repos/joyent/node/issues/25342",
    "labels_url": "https://api.github.com/repos/joyent/node/issues/25342/labels{/name}",
    "comments_url": "https://api.github.com/repos/joyent/node/issues/25342/comments",
    "events_url": "https://api.github.com/repos/joyent/node/issues/25342/events",
    "html_url": "https://github.com/joyent/node/pull/25342",
    "id": 77134201,
    "number": 25342,
    "title": "module: fix column offset on first line stack trace",
    "user": {
      "login": "brendan0powers",
      "id": 1192045,
      "avatar_url": "https://avatars.githubusercontent.com/u/1192045?v=3",
      "gravatar_id": "",
      "url": "https://api.github.com/users/brendan0powers",
      "html_url": "https://github.com/brendan0powers",
      "followers_url": "https://api.github.com/users/brendan0powers/followers",
      "following_url": "https://api.github.com/users/brendan0powers/following{/other_user}",
      "gists_url": "https://api.github.com/users/brendan0powers/gists{/gist_id}",
      "starred_url": "https://api.github.com/users/brendan0powers/starred{/owner}{/repo}",
      "subscriptions_url": "https://api.github.com/users/brendan0powers/subscriptions",
      "organizations_url": "https://api.github.com/users/brendan0powers/orgs",
      "repos_url": "https://api.github.com/users/brendan0powers/repos",
      "events_url": "https://api.github.com/users/brendan0powers/events{/privacy}",
      "received_events_url": "https://api.github.com/users/brendan0powers/received_events",
      "type": "User",
      "site_admin": false
    },
    "labels": [
      {
        "url": "https://api.github.com/repos/joyent/node/labels/master",
        "name": "master",
        "color": "5319e7"
      },
      {
        "url": "https://api.github.com/repos/joyent/node/labels/pr",
        "name": "pr",
        "color": "006b75"
      }
    ],
    "state": "open",
    "locked": false,
    "assignee": null,
    "milestone": null,
    "comments": 0,
    "created_at": "2015-05-16T21:14:35Z",
    "updated_at": "2015-05-16T21:14:36Z",
    "closed_at": null,
    "pull_request": {
      "url": "https://api.github.com/repos/joyent/node/pulls/25342",
      "html_url": "https://github.com/joyent/node/pull/25342",
      "diff_url": "https://github.com/joyent/node/pull/25342.diff",
      "patch_url": "https://github.com/joyent/node/pull/25342.patch"
    },
    "body": "When modules are loaded by require(), they are wrapped in\r\na function. This added text causes errors on the first line\r\nof a file to be offset by the length of the function\r\ndeclaration. For example, an error on the first character\r\nof a module would appear as if it were on column 63.\r\n\r\nTo fix this problem I added line and column offset support\r\nto the ContextifyScript object and added options to the\r\nrunInContext(and friends) function. I then added a column\r\noffset to module._compile that compensates for the function\r\nwrapper.\r\n\r\nFixes #9445"
  },
  {
    "url": "https://api.github.com/repos/joyent/node/issues/25341",
    "labels_url": "https://api.github.com/repos/joyent/node/issues/25341/labels{/name}",
    "comments_url": "https://api.github.com/repos/joyent/node/issues/25341/comments",
    "events_url": "https://api.github.com/repos/joyent/node/issues/25341/events",
    "html_url": "https://github.com/joyent/node/pull/25341",
    "id": 77067619,
    "number": 25341,
    "title": "tls.createSecurePair(): fix documentation typo",
    "user": {
      "login": "socketpair",
      "id": 1157412,
      "avatar_url": "https://avatars.githubusercontent.com/u/1157412?v=3",
      "gravatar_id": "",
      "url": "https://api.github.com/users/socketpair",
      "html_url": "https://github.com/socketpair",
      "followers_url": "https://api.github.com/users/socketpair/followers",
      "following_url": "https://api.github.com/users/socketpair/following{/other_user}",
      "gists_url": "https://api.github.com/users/socketpair/gists{/gist_id}",
      "starred_url": "https://api.github.com/users/socketpair/starred{/owner}{/repo}",
      "subscriptions_url": "https://api.github.com/users/socketpair/subscriptions",
      "organizations_url": "https://api.github.com/users/socketpair/orgs",
      "repos_url": "https://api.github.com/users/socketpair/repos",
      "events_url": "https://api.github.com/users/socketpair/events{/privacy}",
      "received_events_url": "https://api.github.com/users/socketpair/received_events",
      "type": "User",
      "site_admin": false
    },
    "labels": [
      {
        "url": "https://api.github.com/repos/joyent/node/labels/master",
        "name": "master",
        "color": "5319e7"
      },
      {
        "url": "https://api.github.com/repos/joyent/node/labels/pr",
        "name": "pr",
        "color": "006b75"
      }
    ],
    "state": "open",
    "locked": false,
    "assignee": null,
    "milestone": null,
    "comments": 0,
    "created_at": "2015-05-16T15:51:18Z",
    "updated_at": "2015-05-16T15:51:20Z",
    "closed_at": null,
    "pull_request": {
      "url": "https://api.github.com/repos/joyent/node/pulls/25341",
      "html_url": "https://github.com/joyent/node/pull/25341",
      "diff_url": "https://github.com/joyent/node/pull/25341.diff",
      "patch_url": "https://github.com/joyent/node/pull/25341.patch"
    },
    "body": ""
  },
  {
    "url": "https://api.github.com/repos/joyent/node/issues/25340",
    "labels_url": "https://api.github.com/repos/joyent/node/issues/25340/labels{/name}",
    "comments_url": "https://api.github.com/repos/joyent/node/issues/25340/comments",
    "events_url": "https://api.github.com/repos/joyent/node/issues/25340/events",
    "html_url": "https://github.com/joyent/node/issues/25340",
    "id": 77045824,
    "number": 25340,
    "title": "Fat arrow functions with `call` and `apply`",
    "user": {
      "login": "mjesun",
      "id": 829269,
      "avatar_url": "https://avatars.githubusercontent.com/u/829269?v=3",
      "gravatar_id": "",
      "url": "https://api.github.com/users/mjesun",
      "html_url": "https://github.com/mjesun",
      "followers_url": "https://api.github.com/users/mjesun/followers",
      "following_url": "https://api.github.com/users/mjesun/following{/other_user}",
      "gists_url": "https://api.github.com/users/mjesun/gists{/gist_id}",
      "starred_url": "https://api.github.com/users/mjesun/starred{/owner}{/repo}",
      "subscriptions_url": "https://api.github.com/users/mjesun/subscriptions",
      "organizations_url": "https://api.github.com/users/mjesun/orgs",
      "repos_url": "https://api.github.com/users/mjesun/repos",
      "events_url": "https://api.github.com/users/mjesun/events{/privacy}",
      "received_events_url": "https://api.github.com/users/mjesun/received_events",
      "type": "User",
      "site_admin": false
    },
    "labels": [

    ],
    "state": "open",
    "locked": false,
    "assignee": null,
    "milestone": null,
    "comments": 1,
    "created_at": "2015-05-16T14:02:41Z",
    "updated_at": "2015-05-16T14:44:39Z",
    "closed_at": null,
    "body": "I've observed the following behavior:\r\n\r\n```\r\n> a = () => { console.log(this === global); }\r\n[Function]\r\n\r\n> a()\r\ntrue\r\n\r\n> a.call({})\r\nfalse\r\n```\r\n\r\nAFAIK, the fat arrow method should always preserve the lexical \"this\" value, even if called by using `call` or `apply` (at least, this is how it is stated [in the MDN](https://developer.mozilla.org/en-US/docs/Web/JavaScript/Reference/Functions/Arrow_functions#Invoked_through_call_or_apply)). Based on that, I think the value of the second call (`a.call({})`) should still be true, since at the moment of defining the function, `this` had the value of `global`).\r\n\r\nCurrently running node v0.12.0 with the `--harmony` flag."
  },
  {
    "url": "https://api.github.com/repos/joyent/node/issues/25339",
    "labels_url": "https://api.github.com/repos/joyent/node/issues/25339/labels{/name}",
    "comments_url": "https://api.github.com/repos/joyent/node/issues/25339/comments",
    "events_url": "https://api.github.com/repos/joyent/node/issues/25339/events",
    "html_url": "https://github.com/joyent/node/issues/25339",
    "id": 77034188,
    "number": 25339,
    "title": "Recursive child_process.spawn argument split on Windows",
    "user": {
      "login": "andraaspar",
      "id": 3512382,
      "avatar_url": "https://avatars.githubusercontent.com/u/3512382?v=3",
      "gravatar_id": "",
      "url": "https://api.github.com/users/andraaspar",
      "html_url": "https://github.com/andraaspar",
      "followers_url": "https://api.github.com/users/andraaspar/followers",
      "following_url": "https://api.github.com/users/andraaspar/following{/other_user}",
      "gists_url": "https://api.github.com/users/andraaspar/gists{/gist_id}",
      "starred_url": "https://api.github.com/users/andraaspar/starred{/owner}{/repo}",
      "subscriptions_url": "https://api.github.com/users/andraaspar/subscriptions",
      "organizations_url": "https://api.github.com/users/andraaspar/orgs",
      "repos_url": "https://api.github.com/users/andraaspar/repos",
      "events_url": "https://api.github.com/users/andraaspar/events{/privacy}",
      "received_events_url": "https://api.github.com/users/andraaspar/received_events",
      "type": "User",
      "site_admin": false
    },
    "labels": [

    ],
    "state": "open",
    "locked": false,
    "assignee": null,
    "milestone": null,
    "comments": 0,
    "created_at": "2015-05-16T13:05:09Z",
    "updated_at": "2015-05-16T13:10:35Z",
    "closed_at": null,
    "body": "# Steps\r\n\r\nOn Windows 7, 64-bit, Node v0.12.3.\r\n\r\nGiven this in `test.js`:\r\n```js\r\nvar child_process = require('child_process');\r\n\r\nprocess.argv.slice(2).forEach(function(cmd, i) {\r\n\tconsole.log('Executing argument ' + i + ': ' + cmd);\r\n\tchild_process.spawn('cmd', ['/c', cmd], {stdio: 'inherit'});\r\n});\r\n```\r\nAnd invoking it like this (Bash style escapes):\r\n```bat\r\nnode test.js \"node test.js \\\"echo foo\\\"\"\r\n```\r\nor like this (Windows style escapes):\r\n```bat\r\nnode test.js \"node test.js \"\"echo foo\"\"\"\r\n```\r\n# Output\r\n```bat\r\nExecuting argument 0: node test.js \"echo foo\"\r\nExecuting argument 0: \"echo\r\nExecuting argument 1: foo\"\r\n'\\\"echo' is not recognized as an internal or external command,\r\noperable program or batch file.\r\n'foo\\\"' is not recognized as an internal or external command,\r\noperable program or batch file.\r\n```\r\nThe `\"echo foo\"` argument was split, the double quotes around it kept.\r\n\r\n# Expected output\r\n```bat\r\nExecuting argument 0: node test.js \"echo foo\"\r\nExecuting argument 0: echo foo\r\nfoo\r\n```"
  },
  {
    "url": "https://api.github.com/repos/joyent/node/issues/25338",
    "labels_url": "https://api.github.com/repos/joyent/node/issues/25338/labels{/name}",
    "comments_url": "https://api.github.com/repos/joyent/node/issues/25338/comments",
    "events_url": "https://api.github.com/repos/joyent/node/issues/25338/events",
    "html_url": "https://github.com/joyent/node/issues/25338",
    "id": 76933515,
    "number": 25338,
    "title": "dns.lookup fails when offline on Windows",
    "user": {
      "login": "seanpoulter",
      "id": 2585460,
      "avatar_url": "https://avatars.githubusercontent.com/u/2585460?v=3",
      "gravatar_id": "",
      "url": "https://api.github.com/users/seanpoulter",
      "html_url": "https://github.com/seanpoulter",
      "followers_url": "https://api.github.com/users/seanpoulter/followers",
      "following_url": "https://api.github.com/users/seanpoulter/following{/other_user}",
      "gists_url": "https://api.github.com/users/seanpoulter/gists{/gist_id}",
      "starred_url": "https://api.github.com/users/seanpoulter/starred{/owner}{/repo}",
      "subscriptions_url": "https://api.github.com/users/seanpoulter/subscriptions",
      "organizations_url": "https://api.github.com/users/seanpoulter/orgs",
      "repos_url": "https://api.github.com/users/seanpoulter/repos",
      "events_url": "https://api.github.com/users/seanpoulter/events{/privacy}",
      "received_events_url": "https://api.github.com/users/seanpoulter/received_events",
      "type": "User",
      "site_admin": false
    },
    "labels": [

    ],
    "state": "open",
    "locked": false,
    "assignee": null,
    "milestone": null,
    "comments": 0,
    "created_at": "2015-05-16T03:40:25Z",
    "updated_at": "2015-05-16T03:40:25Z",
    "closed_at": null,
    "body": "From dns.js, `dns.lookup` for `\"localhost\"` fails, throwing an ENOENT error from getaddrinfo. It's reproducible with the following block:\r\n\r\n```JavaScript\r\nvar dns = require(\"dns\");\r\ndns.lookup(\"localhost\", {\"hints\":3072}, function(err, ip, addressType) {\r\n  console.log(err, ip, addressType);\r\n})\r\n```\r\n\r\nRunning it when connected produces the output:\r\n```\r\nnull '127.0.0.1' 4\r\n```\r\n\r\nbut without a network connection:\r\n```\r\n{ [Error: getaddrinfo ENOENT]\r\n  code: 'ENOENT',\r\n  errno: 'ENOENT',\r\n  syscall: 'getaddrinfo',\r\n  hostname: 'localhost' } undefined undefined\r\n```\r\n\r\nUnfortunately debugging even this simple block with `node debug <file>` fails trying to connect to port 5858:\r\n```\r\n>node debug troubleshoot-dns.js\r\n< Debugger listening on port 5858\r\nconnecting to port 5858.............There was an internal error in Node's debugger. Please report this bug.\r\ngetaddrinfo ENOENT\r\nError: getaddrinfo ENOENT\r\n    at Object.exports._errnoException (util.js:746:11)\r\n    at errnoException (dns.js:49:15)\r\n    at GetAddrInfoReqWrap.onlookup [as oncomplete] (dns.js:94:26)\r\n```\r\n\r\nOne solution is to patch dns.js to replace `\"localhost\"` with `\"127.0.0.1\"` which produces the expected output, but I think the better solution is to fix the `getaddrinfo` calls."
  },
  {
    "url": "https://api.github.com/repos/joyent/node/issues/25337",
    "labels_url": "https://api.github.com/repos/joyent/node/issues/25337/labels{/name}",
    "comments_url": "https://api.github.com/repos/joyent/node/issues/25337/comments",
    "events_url": "https://api.github.com/repos/joyent/node/issues/25337/events",
    "html_url": "https://github.com/joyent/node/pull/25337",
    "id": 76906582,
    "number": 25337,
    "title": "net: setKeepAlive now throws an exception on error",
    "user": {
      "login": "brendan0powers",
      "id": 1192045,
      "avatar_url": "https://avatars.githubusercontent.com/u/1192045?v=3",
      "gravatar_id": "",
      "url": "https://api.github.com/users/brendan0powers",
      "html_url": "https://github.com/brendan0powers",
      "followers_url": "https://api.github.com/users/brendan0powers/followers",
      "following_url": "https://api.github.com/users/brendan0powers/following{/other_user}",
      "gists_url": "https://api.github.com/users/brendan0powers/gists{/gist_id}",
      "starred_url": "https://api.github.com/users/brendan0powers/starred{/owner}{/repo}",
      "subscriptions_url": "https://api.github.com/users/brendan0powers/subscriptions",
      "organizations_url": "https://api.github.com/users/brendan0powers/orgs",
      "repos_url": "https://api.github.com/users/brendan0powers/repos",
      "events_url": "https://api.github.com/users/brendan0powers/events{/privacy}",
      "received_events_url": "https://api.github.com/users/brendan0powers/received_events",
      "type": "User",
      "site_admin": false
    },
    "labels": [
      {
        "url": "https://api.github.com/repos/joyent/node/labels/master",
        "name": "master",
        "color": "5319e7"
      },
      {
        "url": "https://api.github.com/repos/joyent/node/labels/pr",
        "name": "pr",
        "color": "006b75"
      }
    ],
    "state": "open",
    "locked": false,
    "assignee": null,
    "milestone": null,
    "comments": 0,
    "created_at": "2015-05-16T00:51:52Z",
    "updated_at": "2015-05-16T00:51:54Z",
    "closed_at": null,
    "pull_request": {
      "url": "https://api.github.com/repos/joyent/node/pulls/25337",
      "html_url": "https://github.com/joyent/node/pull/25337",
      "diff_url": "https://github.com/joyent/node/pull/25337.diff",
      "patch_url": "https://github.com/joyent/node/pull/25337.patch"
    },
    "body": "socket.setKeepAlive now throws an error if the operation fails.\r\nFor example setting the keep alive time too small, or calling\r\nthe function on a closed socket.\r\n\r\nFixes #21080"
  },
  {
    "url": "https://api.github.com/repos/joyent/node/issues/25334",
    "labels_url": "https://api.github.com/repos/joyent/node/issues/25334/labels{/name}",
    "comments_url": "https://api.github.com/repos/joyent/node/issues/25334/comments",
    "events_url": "https://api.github.com/repos/joyent/node/issues/25334/events",
    "html_url": "https://github.com/joyent/node/pull/25334",
    "id": 76776725,
    "number": 25334,
    "title": "path: Remove dead code in favor of unit tests",
    "user": {
      "login": "woollybogger",
      "id": 5128013,
      "avatar_url": "https://avatars.githubusercontent.com/u/5128013?v=3",
      "gravatar_id": "",
      "url": "https://api.github.com/users/woollybogger",
      "html_url": "https://github.com/woollybogger",
      "followers_url": "https://api.github.com/users/woollybogger/followers",
      "following_url": "https://api.github.com/users/woollybogger/following{/other_user}",
      "gists_url": "https://api.github.com/users/woollybogger/gists{/gist_id}",
      "starred_url": "https://api.github.com/users/woollybogger/starred{/owner}{/repo}",
      "subscriptions_url": "https://api.github.com/users/woollybogger/subscriptions",
      "organizations_url": "https://api.github.com/users/woollybogger/orgs",
      "repos_url": "https://api.github.com/users/woollybogger/repos",
      "events_url": "https://api.github.com/users/woollybogger/events{/privacy}",
      "received_events_url": "https://api.github.com/users/woollybogger/received_events",
      "type": "User",
      "site_admin": false
    },
    "labels": [
      {
        "url": "https://api.github.com/repos/joyent/node/labels/pr",
        "name": "pr",
        "color": "006b75"
      },
      {
        "url": "https://api.github.com/repos/joyent/node/labels/v0.12",
        "name": "v0.12",
        "color": "ededed"
      }
    ],
    "state": "open",
    "locked": false,
    "assignee": null,
    "milestone": null,
    "comments": 0,
    "created_at": "2015-05-15T16:18:37Z",
    "updated_at": "2015-05-17T22:27:11Z",
    "closed_at": null,
    "pull_request": {
      "url": "https://api.github.com/repos/joyent/node/pulls/25334",
      "html_url": "https://github.com/joyent/node/pull/25334",
      "diff_url": "https://github.com/joyent/node/pull/25334.diff",
      "patch_url": "https://github.com/joyent/node/pull/25334.patch"
    },
    "body": "This PR removes dead code paths that are created by assertions that will never trigger. They may only trigger if either the `splitDeviceRe` or `splitPathRe` regular expressions or the `[win32|posix]SplitPath` functions are modified. If at some point they are modified (and for some reason the author doesn't update the code that uses those regexes/functions), current unit tests will catch most of the resulting errors and this PR adds extra tests to catch the remaining errors."
  },
  {
    "url": "https://api.github.com/repos/joyent/node/issues/25333",
    "labels_url": "https://api.github.com/repos/joyent/node/issues/25333/labels{/name}",
    "comments_url": "https://api.github.com/repos/joyent/node/issues/25333/comments",
    "events_url": "https://api.github.com/repos/joyent/node/issues/25333/events",
    "html_url": "https://github.com/joyent/node/issues/25333",
    "id": 76765729,
    "number": 25333,
    "title": "ECONNREFUSED thrown after TypeError on load",
    "user": {
      "login": "derrelldurrett",
      "id": 2601451,
      "avatar_url": "https://avatars.githubusercontent.com/u/2601451?v=3",
      "gravatar_id": "",
      "url": "https://api.github.com/users/derrelldurrett",
      "html_url": "https://github.com/derrelldurrett",
      "followers_url": "https://api.github.com/users/derrelldurrett/followers",
      "following_url": "https://api.github.com/users/derrelldurrett/following{/other_user}",
      "gists_url": "https://api.github.com/users/derrelldurrett/gists{/gist_id}",
      "starred_url": "https://api.github.com/users/derrelldurrett/starred{/owner}{/repo}",
      "subscriptions_url": "https://api.github.com/users/derrelldurrett/subscriptions",
      "organizations_url": "https://api.github.com/users/derrelldurrett/orgs",
      "repos_url": "https://api.github.com/users/derrelldurrett/repos",
      "events_url": "https://api.github.com/users/derrelldurrett/events{/privacy}",
      "received_events_url": "https://api.github.com/users/derrelldurrett/received_events",
      "type": "User",
      "site_admin": false
    },
    "labels": [

    ],
    "state": "open",
    "locked": false,
    "assignee": null,
    "milestone": null,
    "comments": 2,
    "created_at": "2015-05-15T15:41:24Z",
    "updated_at": "2015-05-15T19:36:03Z",
    "closed_at": null,
    "body": "While trying to debug a problem I'm having loading my Cucumber project, I hit the following bug:\r\n\r\n    debug> .There was an internal error in Node's debugger. Please report this bug.\r\n    connect ECONNREFUSED\r\n    Error: connect ECONNREFUSED\r\n    at exports._errnoException (util.js:746:11)\r\n    at TCPConnectWrap.afterConnect [as oncomplete] (net.js:983:19)\r\n\r\nI'm running the debugger thusly:\r\n    >node debug C:\\Users\\ddurrett\\AppData\\Roaming\\npm\\node_modules\\cucumber\\bin\\cucumber.js\r\n\r\nThis happens consistently after my code hits a TypeError, and the the debugger then produces the following output:\r\n\r\n     <long stack trace ignored>\r\n     program terminated\r\n     program terminated\r\n     program terminated\r\n     program terminated\r\n     program terminated\r\n     program terminated\r\n     program terminated\r\n     program terminated\r\n     program terminated\r\n     program terminated\r\n\r\nIf there's other information that would be useful please let me know.\r\n"
  },
  {
    "url": "https://api.github.com/repos/joyent/node/issues/25332",
    "labels_url": "https://api.github.com/repos/joyent/node/issues/25332/labels{/name}",
    "comments_url": "https://api.github.com/repos/joyent/node/issues/25332/comments",
    "events_url": "https://api.github.com/repos/joyent/node/issues/25332/events",
    "html_url": "https://github.com/joyent/node/issues/25332",
    "id": 76687345,
    "number": 25332,
    "title": "feature request",
    "user": {
      "login": "waqasmughal",
      "id": 7931844,
      "avatar_url": "https://avatars.githubusercontent.com/u/7931844?v=3",
      "gravatar_id": "",
      "url": "https://api.github.com/users/waqasmughal",
      "html_url": "https://github.com/waqasmughal",
      "followers_url": "https://api.github.com/users/waqasmughal/followers",
      "following_url": "https://api.github.com/users/waqasmughal/following{/other_user}",
      "gists_url": "https://api.github.com/users/waqasmughal/gists{/gist_id}",
      "starred_url": "https://api.github.com/users/waqasmughal/starred{/owner}{/repo}",
      "subscriptions_url": "https://api.github.com/users/waqasmughal/subscriptions",
      "organizations_url": "https://api.github.com/users/waqasmughal/orgs",
      "repos_url": "https://api.github.com/users/waqasmughal/repos",
      "events_url": "https://api.github.com/users/waqasmughal/events{/privacy}",
      "received_events_url": "https://api.github.com/users/waqasmughal/received_events",
      "type": "User",
      "site_admin": false
    },
    "labels": [

    ],
    "state": "open",
    "locked": false,
    "assignee": null,
    "milestone": null,
    "comments": 1,
    "created_at": "2015-05-15T10:41:19Z",
    "updated_at": "2015-05-15T12:48:21Z",
    "closed_at": null,
    "body": "every one need to parallel http request handling rather then in series . mostly we use library like gogo_thread or webworker etc . why not make default behaviour of multiple parrallel request . "
  },
  {
    "url": "https://api.github.com/repos/joyent/node/issues/25329",
    "labels_url": "https://api.github.com/repos/joyent/node/issues/25329/labels{/name}",
    "comments_url": "https://api.github.com/repos/joyent/node/issues/25329/comments",
    "events_url": "https://api.github.com/repos/joyent/node/issues/25329/events",
    "html_url": "https://github.com/joyent/node/pull/25329",
    "id": 76640384,
    "number": 25329,
    "title": "configure changes for portability and better interop",
    "user": {
      "login": "ensonic",
      "id": 1279486,
      "avatar_url": "https://avatars.githubusercontent.com/u/1279486?v=3",
      "gravatar_id": "",
      "url": "https://api.github.com/users/ensonic",
      "html_url": "https://github.com/ensonic",
      "followers_url": "https://api.github.com/users/ensonic/followers",
      "following_url": "https://api.github.com/users/ensonic/following{/other_user}",
      "gists_url": "https://api.github.com/users/ensonic/gists{/gist_id}",
      "starred_url": "https://api.github.com/users/ensonic/starred{/owner}{/repo}",
      "subscriptions_url": "https://api.github.com/users/ensonic/subscriptions",
      "organizations_url": "https://api.github.com/users/ensonic/orgs",
      "repos_url": "https://api.github.com/users/ensonic/repos",
      "events_url": "https://api.github.com/users/ensonic/events{/privacy}",
      "received_events_url": "https://api.github.com/users/ensonic/received_events",
      "type": "User",
      "site_admin": false
    },
    "labels": [
      {
        "url": "https://api.github.com/repos/joyent/node/labels/master",
        "name": "master",
        "color": "5319e7"
      },
      {
        "url": "https://api.github.com/repos/joyent/node/labels/pr",
        "name": "pr",
        "color": "006b75"
      }
    ],
    "state": "open",
    "locked": false,
    "assignee": null,
    "milestone": null,
    "comments": 0,
    "created_at": "2015-05-15T08:03:32Z",
    "updated_at": "2015-05-15T08:03:38Z",
    "closed_at": null,
    "pull_request": {
      "url": "https://api.github.com/repos/joyent/node/pulls/25329",
      "html_url": "https://github.com/joyent/node/pull/25329",
      "diff_url": "https://github.com/joyent/node/pull/25329.diff",
      "patch_url": "https://github.com/joyent/node/pull/25329.patch"
    },
    "body": "We are using these two changes for the chromeos packages of nodejs to make the build work in a cross compilation environment with custom toolchains."
  },
  {
    "url": "https://api.github.com/repos/joyent/node/issues/25328",
    "labels_url": "https://api.github.com/repos/joyent/node/issues/25328/labels{/name}",
    "comments_url": "https://api.github.com/repos/joyent/node/issues/25328/comments",
    "events_url": "https://api.github.com/repos/joyent/node/issues/25328/events",
    "html_url": "https://github.com/joyent/node/pull/25328",
    "id": 76571469,
    "number": 25328,
    "title": "deps: revert v8 Array.prototype.values() removal",
    "user": {
      "login": "cjihrig",
      "id": 2512748,
      "avatar_url": "https://avatars.githubusercontent.com/u/2512748?v=3",
      "gravatar_id": "",
      "url": "https://api.github.com/users/cjihrig",
      "html_url": "https://github.com/cjihrig",
      "followers_url": "https://api.github.com/users/cjihrig/followers",
      "following_url": "https://api.github.com/users/cjihrig/following{/other_user}",
      "gists_url": "https://api.github.com/users/cjihrig/gists{/gist_id}",
      "starred_url": "https://api.github.com/users/cjihrig/starred{/owner}{/repo}",
      "subscriptions_url": "https://api.github.com/users/cjihrig/subscriptions",
      "organizations_url": "https://api.github.com/users/cjihrig/orgs",
      "repos_url": "https://api.github.com/users/cjihrig/repos",
      "events_url": "https://api.github.com/users/cjihrig/events{/privacy}",
      "received_events_url": "https://api.github.com/users/cjihrig/received_events",
      "type": "User",
      "site_admin": false
    },
    "labels": [
      {
        "url": "https://api.github.com/repos/joyent/node/labels/in%20progress",
        "name": "in progress",
        "color": "ededed"
      },
      {
        "url": "https://api.github.com/repos/joyent/node/labels/P-1",
        "name": "P-1",
        "color": "e11d21"
      },
      {
        "url": "https://api.github.com/repos/joyent/node/labels/pr",
        "name": "pr",
        "color": "006b75"
      },
      {
        "url": "https://api.github.com/repos/joyent/node/labels/v0.12",
        "name": "v0.12",
        "color": "ededed"
      }
    ],
    "state": "open",
    "locked": false,
    "assignee": null,
    "milestone": {
      "url": "https://api.github.com/repos/joyent/node/milestones/35",
      "html_url": "https://github.com/joyent/node/milestones/0.12.4",
      "labels_url": "https://api.github.com/repos/joyent/node/milestones/35/labels",
      "id": 1047992,
      "number": 35,
      "title": "0.12.4",
      "description": "",
      "creator": {
        "login": "misterdjules",
        "id": 811047,
        "avatar_url": "https://avatars.githubusercontent.com/u/811047?v=3",
        "gravatar_id": "",
        "url": "https://api.github.com/users/misterdjules",
        "html_url": "https://github.com/misterdjules",
        "followers_url": "https://api.github.com/users/misterdjules/followers",
        "following_url": "https://api.github.com/users/misterdjules/following{/other_user}",
        "gists_url": "https://api.github.com/users/misterdjules/gists{/gist_id}",
        "starred_url": "https://api.github.com/users/misterdjules/starred{/owner}{/repo}",
        "subscriptions_url": "https://api.github.com/users/misterdjules/subscriptions",
        "organizations_url": "https://api.github.com/users/misterdjules/orgs",
        "repos_url": "https://api.github.com/users/misterdjules/repos",
        "events_url": "https://api.github.com/users/misterdjules/events{/privacy}",
        "received_events_url": "https://api.github.com/users/misterdjules/received_events",
        "type": "User",
        "site_admin": false
      },
      "open_issues": 32,
      "closed_issues": 3,
      "state": "open",
      "created_at": "2015-04-01T02:01:12Z",
      "updated_at": "2015-05-15T18:45:21Z",
      "due_on": null,
      "closed_at": null
    },
    "comments": 6,
    "created_at": "2015-05-15T03:04:17Z",
    "updated_at": "2015-05-15T20:29:11Z",
    "closed_at": null,
    "pull_request": {
      "url": "https://api.github.com/repos/joyent/node/pulls/25328",
      "html_url": "https://github.com/joyent/node/pull/25328",
      "diff_url": "https://github.com/joyent/node/pull/25328.diff",
      "patch_url": "https://github.com/joyent/node/pull/25328.patch"
    },
    "body": "The Node 0.12 line was initially released with a version of v8 that included `Array.prototype.values()`. In https://github.com/joyent/node/pull/18206, v8 was updated to a version that dropped support for `values()`. https://codereview.chromium.org/647703003 removed this method because it causes problems with some versions of Outlook Web Access. This commit reverts the removal of `Array.prototype.values()`.\r\n\r\nCloses #25324."
  },
  {
    "url": "https://api.github.com/repos/joyent/node/issues/25325",
    "labels_url": "https://api.github.com/repos/joyent/node/issues/25325/labels{/name}",
    "comments_url": "https://api.github.com/repos/joyent/node/issues/25325/comments",
    "events_url": "https://api.github.com/repos/joyent/node/issues/25325/events",
    "html_url": "https://github.com/joyent/node/pull/25325",
    "id": 76475936,
    "number": 25325,
    "title": "Document ciphers as part of tls.connect() options",
    "user": {
      "login": "iamthechad",
      "id": 621539,
      "avatar_url": "https://avatars.githubusercontent.com/u/621539?v=3",
      "gravatar_id": "",
      "url": "https://api.github.com/users/iamthechad",
      "html_url": "https://github.com/iamthechad",
      "followers_url": "https://api.github.com/users/iamthechad/followers",
      "following_url": "https://api.github.com/users/iamthechad/following{/other_user}",
      "gists_url": "https://api.github.com/users/iamthechad/gists{/gist_id}",
      "starred_url": "https://api.github.com/users/iamthechad/starred{/owner}{/repo}",
      "subscriptions_url": "https://api.github.com/users/iamthechad/subscriptions",
      "organizations_url": "https://api.github.com/users/iamthechad/orgs",
      "repos_url": "https://api.github.com/users/iamthechad/repos",
      "events_url": "https://api.github.com/users/iamthechad/events{/privacy}",
      "received_events_url": "https://api.github.com/users/iamthechad/received_events",
      "type": "User",
      "site_admin": false
    },
    "labels": [
      {
        "url": "https://api.github.com/repos/joyent/node/labels/P-3",
        "name": "P-3",
        "color": "009800"
      },
      {
        "url": "https://api.github.com/repos/joyent/node/labels/pr",
        "name": "pr",
        "color": "006b75"
      },
      {
        "url": "https://api.github.com/repos/joyent/node/labels/v0.12",
        "name": "v0.12",
        "color": "ededed"
      }
    ],
    "state": "open",
    "locked": false,
    "assignee": {
      "login": "mhdawson",
      "id": 9373002,
      "avatar_url": "https://avatars.githubusercontent.com/u/9373002?v=3",
      "gravatar_id": "",
      "url": "https://api.github.com/users/mhdawson",
      "html_url": "https://github.com/mhdawson",
      "followers_url": "https://api.github.com/users/mhdawson/followers",
      "following_url": "https://api.github.com/users/mhdawson/following{/other_user}",
      "gists_url": "https://api.github.com/users/mhdawson/gists{/gist_id}",
      "starred_url": "https://api.github.com/users/mhdawson/starred{/owner}{/repo}",
      "subscriptions_url": "https://api.github.com/users/mhdawson/subscriptions",
      "organizations_url": "https://api.github.com/users/mhdawson/orgs",
      "repos_url": "https://api.github.com/users/mhdawson/repos",
      "events_url": "https://api.github.com/users/mhdawson/events{/privacy}",
      "received_events_url": "https://api.github.com/users/mhdawson/received_events",
      "type": "User",
      "site_admin": false
    },
    "milestone": null,
    "comments": 3,
    "created_at": "2015-05-14T20:15:20Z",
    "updated_at": "2015-05-15T21:43:20Z",
    "closed_at": null,
    "pull_request": {
      "url": "https://api.github.com/repos/joyent/node/pulls/25325",
      "html_url": "https://github.com/joyent/node/pull/25325",
      "diff_url": "https://github.com/joyent/node/pull/25325.diff",
      "patch_url": "https://github.com/joyent/node/pull/25325.patch"
    },
    "body": "Refs #25270,#25271"
  },
  {
    "url": "https://api.github.com/repos/joyent/node/issues/25324",
    "labels_url": "https://api.github.com/repos/joyent/node/issues/25324/labels{/name}",
    "comments_url": "https://api.github.com/repos/joyent/node/issues/25324/comments",
    "events_url": "https://api.github.com/repos/joyent/node/issues/25324/events",
    "html_url": "https://github.com/joyent/node/issues/25324",
    "id": 76447913,
    "number": 25324,
    "title": "Breaking v8 change in v0.12.3",
    "user": {
      "login": "ljharb",
      "id": 45469,
      "avatar_url": "https://avatars.githubusercontent.com/u/45469?v=3",
      "gravatar_id": "",
      "url": "https://api.github.com/users/ljharb",
      "html_url": "https://github.com/ljharb",
      "followers_url": "https://api.github.com/users/ljharb/followers",
      "following_url": "https://api.github.com/users/ljharb/following{/other_user}",
      "gists_url": "https://api.github.com/users/ljharb/gists{/gist_id}",
      "starred_url": "https://api.github.com/users/ljharb/starred{/owner}{/repo}",
      "subscriptions_url": "https://api.github.com/users/ljharb/subscriptions",
      "organizations_url": "https://api.github.com/users/ljharb/orgs",
      "repos_url": "https://api.github.com/users/ljharb/repos",
      "events_url": "https://api.github.com/users/ljharb/events{/privacy}",
      "received_events_url": "https://api.github.com/users/ljharb/received_events",
      "type": "User",
      "site_admin": false
    },
    "labels": [
      {
        "url": "https://api.github.com/repos/joyent/node/labels/in%20progress",
        "name": "in progress",
        "color": "ededed"
      },
      {
        "url": "https://api.github.com/repos/joyent/node/labels/P-1",
        "name": "P-1",
        "color": "e11d21"
      }
    ],
    "state": "open",
    "locked": false,
    "assignee": {
      "login": "cjihrig",
      "id": 2512748,
      "avatar_url": "https://avatars.githubusercontent.com/u/2512748?v=3",
      "gravatar_id": "",
      "url": "https://api.github.com/users/cjihrig",
      "html_url": "https://github.com/cjihrig",
      "followers_url": "https://api.github.com/users/cjihrig/followers",
      "following_url": "https://api.github.com/users/cjihrig/following{/other_user}",
      "gists_url": "https://api.github.com/users/cjihrig/gists{/gist_id}",
      "starred_url": "https://api.github.com/users/cjihrig/starred{/owner}{/repo}",
      "subscriptions_url": "https://api.github.com/users/cjihrig/subscriptions",
      "organizations_url": "https://api.github.com/users/cjihrig/orgs",
      "repos_url": "https://api.github.com/users/cjihrig/repos",
      "events_url": "https://api.github.com/users/cjihrig/events{/privacy}",
      "received_events_url": "https://api.github.com/users/cjihrig/received_events",
      "type": "User",
      "site_admin": false
    },
    "milestone": {
      "url": "https://api.github.com/repos/joyent/node/milestones/35",
      "html_url": "https://github.com/joyent/node/milestones/0.12.4",
      "labels_url": "https://api.github.com/repos/joyent/node/milestones/35/labels",
      "id": 1047992,
      "number": 35,
      "title": "0.12.4",
      "description": "",
      "creator": {
        "login": "misterdjules",
        "id": 811047,
        "avatar_url": "https://avatars.githubusercontent.com/u/811047?v=3",
        "gravatar_id": "",
        "url": "https://api.github.com/users/misterdjules",
        "html_url": "https://github.com/misterdjules",
        "followers_url": "https://api.github.com/users/misterdjules/followers",
        "following_url": "https://api.github.com/users/misterdjules/following{/other_user}",
        "gists_url": "https://api.github.com/users/misterdjules/gists{/gist_id}",
        "starred_url": "https://api.github.com/users/misterdjules/starred{/owner}{/repo}",
        "subscriptions_url": "https://api.github.com/users/misterdjules/subscriptions",
        "organizations_url": "https://api.github.com/users/misterdjules/orgs",
        "repos_url": "https://api.github.com/users/misterdjules/repos",
        "events_url": "https://api.github.com/users/misterdjules/events{/privacy}",
        "received_events_url": "https://api.github.com/users/misterdjules/received_events",
        "type": "User",
        "site_admin": false
      },
      "open_issues": 32,
      "closed_issues": 3,
      "state": "open",
      "created_at": "2015-04-01T02:01:12Z",
      "updated_at": "2015-05-15T18:45:21Z",
      "due_on": null,
      "closed_at": null
    },
    "comments": 12,
    "created_at": "2015-05-14T18:29:48Z",
    "updated_at": "2015-05-15T03:04:19Z",
    "closed_at": null,
    "body": "https://twitter.com/ljharb/status/598917863433342976\r\n\r\n`Array.prototype.values` no longer exists in `v0.12.3`; it exists in `v0.12.2`. This will break any code relying on it."
  },
  {
    "url": "https://api.github.com/repos/joyent/node/issues/25322",
    "labels_url": "https://api.github.com/repos/joyent/node/issues/25322/labels{/name}",
    "comments_url": "https://api.github.com/repos/joyent/node/issues/25322/comments",
    "events_url": "https://api.github.com/repos/joyent/node/issues/25322/events",
    "html_url": "https://github.com/joyent/node/issues/25322",
    "id": 76361805,
    "number": 25322,
    "title": "Resource leak detected",
    "user": {
      "login": "JacksonTian",
      "id": 327019,
      "avatar_url": "https://avatars.githubusercontent.com/u/327019?v=3",
      "gravatar_id": "",
      "url": "https://api.github.com/users/JacksonTian",
      "html_url": "https://github.com/JacksonTian",
      "followers_url": "https://api.github.com/users/JacksonTian/followers",
      "following_url": "https://api.github.com/users/JacksonTian/following{/other_user}",
      "gists_url": "https://api.github.com/users/JacksonTian/gists{/gist_id}",
      "starred_url": "https://api.github.com/users/JacksonTian/starred{/owner}{/repo}",
      "subscriptions_url": "https://api.github.com/users/JacksonTian/subscriptions",
      "organizations_url": "https://api.github.com/users/JacksonTian/orgs",
      "repos_url": "https://api.github.com/users/JacksonTian/repos",
      "events_url": "https://api.github.com/users/JacksonTian/events{/privacy}",
      "received_events_url": "https://api.github.com/users/JacksonTian/received_events",
      "type": "User",
      "site_admin": false
    },
    "labels": [

    ],
    "state": "open",
    "locked": false,
    "assignee": null,
    "milestone": null,
    "comments": 1,
    "created_at": "2015-05-14T13:37:18Z",
    "updated_at": "2015-05-14T19:42:40Z",
    "closed_at": null,
    "body": "```\r\n#\r\n# Fatal error in ../deps/v8/src/handles.h, line 48\r\n# CHECK(location_ != NULL) failed\r\n#\r\n\r\n==== C stack trace ===============================\r\n\r\n 1: V8_Fatal\r\n 2: v8::String::NewExternal(v8::Isolate*, v8::String::ExternalAsciiStringResource*)\r\n 3: node::StringBytes::Encode(v8::Isolate*, char const*, unsigned long, node::encoding)\r\n 4: void node::Buffer::StringSlice<(node::encoding)2>(v8::FunctionCallbackInfo<v8::Value> const&)\r\n 5: ??\r\nuncaughtException:AssertionError: Resource leak detected. \r\n```\r\n\r\nThe issue caused by operate Buffer, woker get fatal error, and master get AssertionError also. Is the assert necessary in cluster when use cluster-worker mode?"
  },
  {
    "url": "https://api.github.com/repos/joyent/node/issues/25309",
    "labels_url": "https://api.github.com/repos/joyent/node/issues/25309/labels{/name}",
    "comments_url": "https://api.github.com/repos/joyent/node/issues/25309/comments",
    "events_url": "https://api.github.com/repos/joyent/node/issues/25309/events",
    "html_url": "https://github.com/joyent/node/pull/25309",
    "id": 76320295,
    "number": 25309,
    "title": "V8: avoid deadlock when profiling is active",
    "user": {
      "login": "dmelikyan",
      "id": 1074088,
      "avatar_url": "https://avatars.githubusercontent.com/u/1074088?v=3",
      "gravatar_id": "",
      "url": "https://api.github.com/users/dmelikyan",
      "html_url": "https://github.com/dmelikyan",
      "followers_url": "https://api.github.com/users/dmelikyan/followers",
      "following_url": "https://api.github.com/users/dmelikyan/following{/other_user}",
      "gists_url": "https://api.github.com/users/dmelikyan/gists{/gist_id}",
      "starred_url": "https://api.github.com/users/dmelikyan/starred{/owner}{/repo}",
      "subscriptions_url": "https://api.github.com/users/dmelikyan/subscriptions",
      "organizations_url": "https://api.github.com/users/dmelikyan/orgs",
      "repos_url": "https://api.github.com/users/dmelikyan/repos",
      "events_url": "https://api.github.com/users/dmelikyan/events{/privacy}",
      "received_events_url": "https://api.github.com/users/dmelikyan/received_events",
      "type": "User",
      "site_admin": false
    },
    "labels": [
      {
        "url": "https://api.github.com/repos/joyent/node/labels/P-1",
        "name": "P-1",
        "color": "e11d21"
      },
      {
        "url": "https://api.github.com/repos/joyent/node/labels/pr",
        "name": "pr",
        "color": "006b75"
      },
      {
        "url": "https://api.github.com/repos/joyent/node/labels/v0.12",
        "name": "v0.12",
        "color": "ededed"
      }
    ],
    "state": "open",
    "locked": false,
    "assignee": null,
    "milestone": {
      "url": "https://api.github.com/repos/joyent/node/milestones/35",
      "html_url": "https://github.com/joyent/node/milestones/0.12.4",
      "labels_url": "https://api.github.com/repos/joyent/node/milestones/35/labels",
      "id": 1047992,
      "number": 35,
      "title": "0.12.4",
      "description": "",
      "creator": {
        "login": "misterdjules",
        "id": 811047,
        "avatar_url": "https://avatars.githubusercontent.com/u/811047?v=3",
        "gravatar_id": "",
        "url": "https://api.github.com/users/misterdjules",
        "html_url": "https://github.com/misterdjules",
        "followers_url": "https://api.github.com/users/misterdjules/followers",
        "following_url": "https://api.github.com/users/misterdjules/following{/other_user}",
        "gists_url": "https://api.github.com/users/misterdjules/gists{/gist_id}",
        "starred_url": "https://api.github.com/users/misterdjules/starred{/owner}{/repo}",
        "subscriptions_url": "https://api.github.com/users/misterdjules/subscriptions",
        "organizations_url": "https://api.github.com/users/misterdjules/orgs",
        "repos_url": "https://api.github.com/users/misterdjules/repos",
        "events_url": "https://api.github.com/users/misterdjules/events{/privacy}",
        "received_events_url": "https://api.github.com/users/misterdjules/received_events",
        "type": "User",
        "site_admin": false
      },
      "open_issues": 32,
      "closed_issues": 3,
      "state": "open",
      "created_at": "2015-04-01T02:01:12Z",
      "updated_at": "2015-05-15T18:45:21Z",
      "due_on": null,
      "closed_at": null
    },
    "comments": 1,
    "created_at": "2015-05-14T10:54:42Z",
    "updated_at": "2015-05-15T18:45:24Z",
    "closed_at": null,
    "pull_request": {
      "url": "https://api.github.com/repos/joyent/node/pulls/25309",
      "html_url": "https://github.com/joyent/node/pull/25309",
      "diff_url": "https://github.com/joyent/node/pull/25309.diff",
      "patch_url": "https://github.com/joyent/node/pull/25309.patch"
    },
    "body": "A deadlock happens when sampler initiated by SIGPROF tries to lock\r\nthe thread and the thread is already locked by the same thread. As\r\na result, other thread involved in sampling process hangs. The\r\npatch adds a check for thread lock before continuing sampler\r\noperation.\r\n\r\nThe fix has been tested on a sample app under load with and without\r\nprofiling turned on.\r\n\r\nFixes issue #14576 and specifically the duplicate issue #25295"
  },
  {
    "url": "https://api.github.com/repos/joyent/node/issues/25294",
    "labels_url": "https://api.github.com/repos/joyent/node/issues/25294/labels{/name}",
    "comments_url": "https://api.github.com/repos/joyent/node/issues/25294/comments",
    "events_url": "https://api.github.com/repos/joyent/node/issues/25294/events",
    "html_url": "https://github.com/joyent/node/pull/25294",
    "id": 76007371,
    "number": 25294,
    "title": "test: Fix test-npm Makefile target for npm 2.8.4",
    "user": {
      "login": "mhdawson",
      "id": 9373002,
      "avatar_url": "https://avatars.githubusercontent.com/u/9373002?v=3",
      "gravatar_id": "",
      "url": "https://api.github.com/users/mhdawson",
      "html_url": "https://github.com/mhdawson",
      "followers_url": "https://api.github.com/users/mhdawson/followers",
      "following_url": "https://api.github.com/users/mhdawson/following{/other_user}",
      "gists_url": "https://api.github.com/users/mhdawson/gists{/gist_id}",
      "starred_url": "https://api.github.com/users/mhdawson/starred{/owner}{/repo}",
      "subscriptions_url": "https://api.github.com/users/mhdawson/subscriptions",
      "organizations_url": "https://api.github.com/users/mhdawson/orgs",
      "repos_url": "https://api.github.com/users/mhdawson/repos",
      "events_url": "https://api.github.com/users/mhdawson/events{/privacy}",
      "received_events_url": "https://api.github.com/users/mhdawson/received_events",
      "type": "User",
      "site_admin": false
    },
    "labels": [
      {
        "url": "https://api.github.com/repos/joyent/node/labels/in%20progress",
        "name": "in progress",
        "color": "ededed"
      },
      {
        "url": "https://api.github.com/repos/joyent/node/labels/P-2",
        "name": "P-2",
        "color": "fbca04"
      },
      {
        "url": "https://api.github.com/repos/joyent/node/labels/pr",
        "name": "pr",
        "color": "006b75"
      },
      {
        "url": "https://api.github.com/repos/joyent/node/labels/v0.12",
        "name": "v0.12",
        "color": "ededed"
      }
    ],
    "state": "open",
    "locked": false,
    "assignee": null,
    "milestone": {
      "url": "https://api.github.com/repos/joyent/node/milestones/35",
      "html_url": "https://github.com/joyent/node/milestones/0.12.4",
      "labels_url": "https://api.github.com/repos/joyent/node/milestones/35/labels",
      "id": 1047992,
      "number": 35,
      "title": "0.12.4",
      "description": "",
      "creator": {
        "login": "misterdjules",
        "id": 811047,
        "avatar_url": "https://avatars.githubusercontent.com/u/811047?v=3",
        "gravatar_id": "",
        "url": "https://api.github.com/users/misterdjules",
        "html_url": "https://github.com/misterdjules",
        "followers_url": "https://api.github.com/users/misterdjules/followers",
        "following_url": "https://api.github.com/users/misterdjules/following{/other_user}",
        "gists_url": "https://api.github.com/users/misterdjules/gists{/gist_id}",
        "starred_url": "https://api.github.com/users/misterdjules/starred{/owner}{/repo}",
        "subscriptions_url": "https://api.github.com/users/misterdjules/subscriptions",
        "organizations_url": "https://api.github.com/users/misterdjules/orgs",
        "repos_url": "https://api.github.com/users/misterdjules/repos",
        "events_url": "https://api.github.com/users/misterdjules/events{/privacy}",
        "received_events_url": "https://api.github.com/users/misterdjules/received_events",
        "type": "User",
        "site_admin": false
      },
      "open_issues": 32,
      "closed_issues": 3,
      "state": "open",
      "created_at": "2015-04-01T02:01:12Z",
      "updated_at": "2015-05-15T18:45:21Z",
      "due_on": null,
      "closed_at": null
    },
    "comments": 8,
    "created_at": "2015-05-13T14:37:45Z",
    "updated_at": "2015-05-14T19:26:46Z",
    "closed_at": null,
    "pull_request": {
      "url": "https://api.github.com/repos/joyent/node/pulls/25294",
      "html_url": "https://github.com/joyent/node/pull/25294",
      "diff_url": "https://github.com/joyent/node/pull/25294.diff",
      "patch_url": "https://github.com/joyent/node/pull/25294.patch"
    },
    "body": "Changes in npm 2.8.4 broke the test-npm target.  This change\r\nupdates to allow the tests to run once again"
  },
  {
    "url": "https://api.github.com/repos/joyent/node/issues/25293",
    "labels_url": "https://api.github.com/repos/joyent/node/issues/25293/labels{/name}",
    "comments_url": "https://api.github.com/repos/joyent/node/issues/25293/comments",
    "events_url": "https://api.github.com/repos/joyent/node/issues/25293/events",
    "html_url": "https://github.com/joyent/node/issues/25293",
    "id": 75970368,
    "number": 25293,
    "title": "Issue with cyrillic symbols in location headers",
    "user": {
      "login": "LavrovArtem",
      "id": 5373460,
      "avatar_url": "https://avatars.githubusercontent.com/u/5373460?v=3",
      "gravatar_id": "",
      "url": "https://api.github.com/users/LavrovArtem",
      "html_url": "https://github.com/LavrovArtem",
      "followers_url": "https://api.github.com/users/LavrovArtem/followers",
      "following_url": "https://api.github.com/users/LavrovArtem/following{/other_user}",
      "gists_url": "https://api.github.com/users/LavrovArtem/gists{/gist_id}",
      "starred_url": "https://api.github.com/users/LavrovArtem/starred{/owner}{/repo}",
      "subscriptions_url": "https://api.github.com/users/LavrovArtem/subscriptions",
      "organizations_url": "https://api.github.com/users/LavrovArtem/orgs",
      "repos_url": "https://api.github.com/users/LavrovArtem/repos",
      "events_url": "https://api.github.com/users/LavrovArtem/events{/privacy}",
      "received_events_url": "https://api.github.com/users/LavrovArtem/received_events",
      "type": "User",
      "site_admin": false
    },
    "labels": [
      {
        "url": "https://api.github.com/repos/joyent/node/labels/confirmed-bug",
        "name": "confirmed-bug",
        "color": "444444"
      },
      {
        "url": "https://api.github.com/repos/joyent/node/labels/P-3",
        "name": "P-3",
        "color": "009800"
      }
    ],
    "state": "open",
    "locked": false,
    "assignee": null,
    "milestone": null,
    "comments": 3,
    "created_at": "2015-05-13T12:36:24Z",
    "updated_at": "2015-05-14T23:36:07Z",
    "closed_at": null,
    "body": "To reproduce this bug, execute the code below and open http://localhost:777/ in the browser. This page redirects to a page from the location header, and browser should open http://localhost:777/?text=-%20 .\r\n\r\nIn node.js version 0.10.15 and earlier, it works fine, but in the latest version, node.js opens the http://localhost:777/?text=GB>-B>%20@CAA:>5 url.\r\n\r\nI think that the issue is linked to the writeHead function that incorrectly encodes headers and sends them to the browser.\r\n\r\n    var http = require('http');\r\n\r\n    http.createServer(function(req, res) {\r\n        if (req.url === '/')\r\n            res.writeHead(302, {location:'?text=- '});\r\n\r\n        res.end();\r\n    }).listen(777);"
  },
  {
    "url": "https://api.github.com/repos/joyent/node/issues/25292",
    "labels_url": "https://api.github.com/repos/joyent/node/issues/25292/labels{/name}",
    "comments_url": "https://api.github.com/repos/joyent/node/issues/25292/comments",
    "events_url": "https://api.github.com/repos/joyent/node/issues/25292/events",
    "html_url": "https://github.com/joyent/node/issues/25292",
    "id": 75894324,
    "number": 25292,
    "title": "writable.uncork() does not provide callback",
    "user": {
      "login": "socketpair",
      "id": 1157412,
      "avatar_url": "https://avatars.githubusercontent.com/u/1157412?v=3",
      "gravatar_id": "",
      "url": "https://api.github.com/users/socketpair",
      "html_url": "https://github.com/socketpair",
      "followers_url": "https://api.github.com/users/socketpair/followers",
      "following_url": "https://api.github.com/users/socketpair/following{/other_user}",
      "gists_url": "https://api.github.com/users/socketpair/gists{/gist_id}",
      "starred_url": "https://api.github.com/users/socketpair/starred{/owner}{/repo}",
      "subscriptions_url": "https://api.github.com/users/socketpair/subscriptions",
      "organizations_url": "https://api.github.com/users/socketpair/orgs",
      "repos_url": "https://api.github.com/users/socketpair/repos",
      "events_url": "https://api.github.com/users/socketpair/events{/privacy}",
      "received_events_url": "https://api.github.com/users/socketpair/received_events",
      "type": "User",
      "site_admin": false
    },
    "labels": [

    ],
    "state": "open",
    "locked": false,
    "assignee": null,
    "milestone": null,
    "comments": 5,
    "created_at": "2015-05-13T08:13:30Z",
    "updated_at": "2015-05-15T10:19:24Z",
    "closed_at": null,
    "body": "`writeable.write()` provides callback, notifying completition of write request (either with error or without). `writable.uncork()`  actually starts writing, but don't provide such callback. I think this is API bug, but can be fixed without breaking current applications (except custom streams....)"
  },
  {
    "url": "https://api.github.com/repos/joyent/node/issues/25290",
    "labels_url": "https://api.github.com/repos/joyent/node/issues/25290/labels{/name}",
    "comments_url": "https://api.github.com/repos/joyent/node/issues/25290/comments",
    "events_url": "https://api.github.com/repos/joyent/node/issues/25290/events",
    "html_url": "https://github.com/joyent/node/issues/25290",
    "id": 75831802,
    "number": 25290,
    "title": "test-npm does not run properly in 0.12.X stream",
    "user": {
      "login": "mhdawson",
      "id": 9373002,
      "avatar_url": "https://avatars.githubusercontent.com/u/9373002?v=3",
      "gravatar_id": "",
      "url": "https://api.github.com/users/mhdawson",
      "html_url": "https://github.com/mhdawson",
      "followers_url": "https://api.github.com/users/mhdawson/followers",
      "following_url": "https://api.github.com/users/mhdawson/following{/other_user}",
      "gists_url": "https://api.github.com/users/mhdawson/gists{/gist_id}",
      "starred_url": "https://api.github.com/users/mhdawson/starred{/owner}{/repo}",
      "subscriptions_url": "https://api.github.com/users/mhdawson/subscriptions",
      "organizations_url": "https://api.github.com/users/mhdawson/orgs",
      "repos_url": "https://api.github.com/users/mhdawson/repos",
      "events_url": "https://api.github.com/users/mhdawson/events{/privacy}",
      "received_events_url": "https://api.github.com/users/mhdawson/received_events",
      "type": "User",
      "site_admin": false
    },
    "labels": [
      {
        "url": "https://api.github.com/repos/joyent/node/labels/npm",
        "name": "npm",
        "color": "ededed"
      },
      {
        "url": "https://api.github.com/repos/joyent/node/labels/P-2",
        "name": "P-2",
        "color": "fbca04"
      },
      {
        "url": "https://api.github.com/repos/joyent/node/labels/v0.12",
        "name": "v0.12",
        "color": "ededed"
      }
    ],
    "state": "open",
    "locked": false,
    "assignee": null,
    "milestone": {
      "url": "https://api.github.com/repos/joyent/node/milestones/35",
      "html_url": "https://github.com/joyent/node/milestones/0.12.4",
      "labels_url": "https://api.github.com/repos/joyent/node/milestones/35/labels",
      "id": 1047992,
      "number": 35,
      "title": "0.12.4",
      "description": "",
      "creator": {
        "login": "misterdjules",
        "id": 811047,
        "avatar_url": "https://avatars.githubusercontent.com/u/811047?v=3",
        "gravatar_id": "",
        "url": "https://api.github.com/users/misterdjules",
        "html_url": "https://github.com/misterdjules",
        "followers_url": "https://api.github.com/users/misterdjules/followers",
        "following_url": "https://api.github.com/users/misterdjules/following{/other_user}",
        "gists_url": "https://api.github.com/users/misterdjules/gists{/gist_id}",
        "starred_url": "https://api.github.com/users/misterdjules/starred{/owner}{/repo}",
        "subscriptions_url": "https://api.github.com/users/misterdjules/subscriptions",
        "organizations_url": "https://api.github.com/users/misterdjules/orgs",
        "repos_url": "https://api.github.com/users/misterdjules/repos",
        "events_url": "https://api.github.com/users/misterdjules/events{/privacy}",
        "received_events_url": "https://api.github.com/users/misterdjules/received_events",
        "type": "User",
        "site_admin": false
      },
      "open_issues": 32,
      "closed_issues": 3,
      "state": "open",
      "created_at": "2015-04-01T02:01:12Z",
      "updated_at": "2015-05-15T18:45:21Z",
      "due_on": null,
      "closed_at": null
    },
    "comments": 1,
    "created_at": "2015-05-13T03:42:38Z",
    "updated_at": "2015-05-14T19:26:46Z",
    "closed_at": null,
    "body": "Looks like a change in npm 2.8.4 which modified how the test-all target runs has broken test-npm in 0.12.X.\r\n\r\nWhen I checkout, run make node and then make test-npm it fails complaining that npm is not found.  I can see that in npm 2.7.4 (which is in master)  test-all is as follows:\r\n\r\n    \"test-all\": \"node ./test/run.js && tap test/tap/*.js\",\r\n\r\nIn 2.8.4 which is in v0.12 it is \r\n\r\n    test-all\": \"npm run test-legacy && npm test\",\r\n\r\nwhich explains why we'd see the npm not found were as we have not seen it previously\r\n\r\nChanging test-npm with this patch allows us to run again (although there are still failures in individual tests):\r\n\r\n<PRE>\r\ndiff --git a/Makefile b/Makefile\r\nindex 1629d14..f9c8322 100644\r\n--- a/Makefile\r\n+++ b/Makefile\r\n@@ -158,7 +158,8 @@ test-npm: node\r\n        cd deps/npm ; npm_config_cache=\"$(shell pwd)/npm-cache\" \\\r\n             npm_config_prefix=\"$(shell pwd)/npm-prefix\" \\\r\n             npm_config_tmp=\"$(shell pwd)/npm-tmp\" \\\r\n-            PATH=\"../../:${PATH}\" node cli.js run-script test-all && \\\r\n+            PATH=\"../../:${PATH}\" node cli.js run-script test-legacy && \\\r\n+            PATH=\"../../:${PATH}\" node cli.js run-script test && \\\r\n             PATH=\"../../:${PATH}\" node cli.js prune --prod && \\\r\n             cd ../.. && \\\r\n             rm -rf npm-cache npm-tmp npm-prefix\r\n</PRE>\r\n\r\n\r\n"
  },
  {
    "url": "https://api.github.com/repos/joyent/node/issues/25288",
    "labels_url": "https://api.github.com/repos/joyent/node/issues/25288/labels{/name}",
    "comments_url": "https://api.github.com/repos/joyent/node/issues/25288/comments",
    "events_url": "https://api.github.com/repos/joyent/node/issues/25288/events",
    "html_url": "https://github.com/joyent/node/pull/25288",
    "id": 75762383,
    "number": 25288,
    "title": "test:lint Lint added for test folder and also fixed intial level of lint errors #25280",
    "user": {
      "login": "saquibkhan",
      "id": 5888249,
      "avatar_url": "https://avatars.githubusercontent.com/u/5888249?v=3",
      "gravatar_id": "",
      "url": "https://api.github.com/users/saquibkhan",
      "html_url": "https://github.com/saquibkhan",
      "followers_url": "https://api.github.com/users/saquibkhan/followers",
      "following_url": "https://api.github.com/users/saquibkhan/following{/other_user}",
      "gists_url": "https://api.github.com/users/saquibkhan/gists{/gist_id}",
      "starred_url": "https://api.github.com/users/saquibkhan/starred{/owner}{/repo}",
      "subscriptions_url": "https://api.github.com/users/saquibkhan/subscriptions",
      "organizations_url": "https://api.github.com/users/saquibkhan/orgs",
      "repos_url": "https://api.github.com/users/saquibkhan/repos",
      "events_url": "https://api.github.com/users/saquibkhan/events{/privacy}",
      "received_events_url": "https://api.github.com/users/saquibkhan/received_events",
      "type": "User",
      "site_admin": false
    },
    "labels": [
      {
        "url": "https://api.github.com/repos/joyent/node/labels/master",
        "name": "master",
        "color": "5319e7"
      },
      {
        "url": "https://api.github.com/repos/joyent/node/labels/pr",
        "name": "pr",
        "color": "006b75"
      },
      {
        "url": "https://api.github.com/repos/joyent/node/labels/test",
        "name": "test",
        "color": "944008"
      }
    ],
    "state": "open",
    "locked": false,
    "assignee": null,
    "milestone": null,
    "comments": 5,
    "created_at": "2015-05-12T22:28:58Z",
    "updated_at": "2015-05-13T17:46:51Z",
    "closed_at": null,
    "pull_request": {
      "url": "https://api.github.com/repos/joyent/node/pulls/25288",
      "html_url": "https://github.com/joyent/node/pull/25288",
      "diff_url": "https://github.com/joyent/node/pull/25288.diff",
      "patch_url": "https://github.com/joyent/node/pull/25288.patch"
    },
    "body": "test:lint Lint added for test folder and also fixed intial level of lint errors\r\n    \r\nAdded closure linter for test folder. Fixed 2k+ issues in 300 files.\r\n    \r\nFixes #25280"
  },
  {
    "url": "https://api.github.com/repos/joyent/node/issues/25283",
    "labels_url": "https://api.github.com/repos/joyent/node/issues/25283/labels{/name}",
    "comments_url": "https://api.github.com/repos/joyent/node/issues/25283/comments",
    "events_url": "https://api.github.com/repos/joyent/node/issues/25283/events",
    "html_url": "https://github.com/joyent/node/pull/25283",
    "id": 75630853,
    "number": 25283,
    "title": "configure: remove unused variable 'byteorder'",
    "user": {
      "login": "blueyed",
      "id": 9766,
      "avatar_url": "https://avatars.githubusercontent.com/u/9766?v=3",
      "gravatar_id": "",
      "url": "https://api.github.com/users/blueyed",
      "html_url": "https://github.com/blueyed",
      "followers_url": "https://api.github.com/users/blueyed/followers",
      "following_url": "https://api.github.com/users/blueyed/following{/other_user}",
      "gists_url": "https://api.github.com/users/blueyed/gists{/gist_id}",
      "starred_url": "https://api.github.com/users/blueyed/starred{/owner}{/repo}",
      "subscriptions_url": "https://api.github.com/users/blueyed/subscriptions",
      "organizations_url": "https://api.github.com/users/blueyed/orgs",
      "repos_url": "https://api.github.com/users/blueyed/repos",
      "events_url": "https://api.github.com/users/blueyed/events{/privacy}",
      "received_events_url": "https://api.github.com/users/blueyed/received_events",
      "type": "User",
      "site_admin": false
    },
    "labels": [
      {
        "url": "https://api.github.com/repos/joyent/node/labels/master",
        "name": "master",
        "color": "5319e7"
      },
      {
        "url": "https://api.github.com/repos/joyent/node/labels/pr",
        "name": "pr",
        "color": "006b75"
      }
    ],
    "state": "open",
    "locked": false,
    "assignee": null,
    "milestone": null,
    "comments": 1,
    "created_at": "2015-05-12T14:55:39Z",
    "updated_at": "2015-05-12T14:57:32Z",
    "closed_at": null,
    "pull_request": {
      "url": "https://api.github.com/repos/joyent/node/pulls/25283",
      "html_url": "https://github.com/joyent/node/pull/25283",
      "diff_url": "https://github.com/joyent/node/pull/25283.diff",
      "patch_url": "https://github.com/joyent/node/pull/25283.patch"
    },
    "body": "A separate PR, according to https://github.com/joyent/node/pull/25282#issuecomment-101307222."
  },
  {
    "url": "https://api.github.com/repos/joyent/node/issues/25282",
    "labels_url": "https://api.github.com/repos/joyent/node/issues/25282/labels{/name}",
    "comments_url": "https://api.github.com/repos/joyent/node/issues/25282/comments",
    "events_url": "https://api.github.com/repos/joyent/node/issues/25282/events",
    "html_url": "https://github.com/joyent/node/pull/25282",
    "id": 75581140,
    "number": 25282,
    "title": "Python 3 compatibility for `configure`",
    "user": {
      "login": "blueyed",
      "id": 9766,
      "avatar_url": "https://avatars.githubusercontent.com/u/9766?v=3",
      "gravatar_id": "",
      "url": "https://api.github.com/users/blueyed",
      "html_url": "https://github.com/blueyed",
      "followers_url": "https://api.github.com/users/blueyed/followers",
      "following_url": "https://api.github.com/users/blueyed/following{/other_user}",
      "gists_url": "https://api.github.com/users/blueyed/gists{/gist_id}",
      "starred_url": "https://api.github.com/users/blueyed/starred{/owner}{/repo}",
      "subscriptions_url": "https://api.github.com/users/blueyed/subscriptions",
      "organizations_url": "https://api.github.com/users/blueyed/orgs",
      "repos_url": "https://api.github.com/users/blueyed/repos",
      "events_url": "https://api.github.com/users/blueyed/events{/privacy}",
      "received_events_url": "https://api.github.com/users/blueyed/received_events",
      "type": "User",
      "site_admin": false
    },
    "labels": [
      {
        "url": "https://api.github.com/repos/joyent/node/labels/master",
        "name": "master",
        "color": "5319e7"
      },
      {
        "url": "https://api.github.com/repos/joyent/node/labels/pr",
        "name": "pr",
        "color": "006b75"
      }
    ],
    "state": "open",
    "locked": false,
    "assignee": null,
    "milestone": null,
    "comments": 7,
    "created_at": "2015-05-12T12:15:03Z",
    "updated_at": "2015-05-13T19:41:15Z",
    "closed_at": null,
    "pull_request": {
      "url": "https://api.github.com/repos/joyent/node/pulls/25282",
      "html_url": "https://github.com/joyent/node/pull/25282",
      "diff_url": "https://github.com/joyent/node/pull/25282.diff",
      "patch_url": "https://github.com/joyent/node/pull/25282.patch"
    },
    "body": "This makes the configure script compatible with Python 3 - at least\r\nthere are no syntax errors anymore.\r\n\r\nThis PR also removes an unused variable in the script (`byteorder`).\r\n\r\nIt will still fail to run proper:\r\n\r\n    Traceback (most recent call last):\r\n      File \"./configure\", line 16, in <module>\r\n        from gyp.common import GetFlavor\r\n      File \"./tools/gyp/pylib/gyp/__init__.py\", line 37\r\n        print '%s:%s:%d:%s %s' % (mode.upper(), os.path.basename(ctx[0]),\r\n                             ^\r\n    SyntaxError: invalid syntax\r\n\r\nBut the files in `tools` are out of scope of node, if I understood it correctly.\r\n"
  },
  {
    "url": "https://api.github.com/repos/joyent/node/issues/25281",
    "labels_url": "https://api.github.com/repos/joyent/node/issues/25281/labels{/name}",
    "comments_url": "https://api.github.com/repos/joyent/node/issues/25281/comments",
    "events_url": "https://api.github.com/repos/joyent/node/issues/25281/events",
    "html_url": "https://github.com/joyent/node/issues/25281",
    "id": 75572328,
    "number": 25281,
    "title": "Segfault when 0.12.2 built with gcc 5.1.0 on illumos",
    "user": {
      "login": "alhazred",
      "id": 1122381,
      "avatar_url": "https://avatars.githubusercontent.com/u/1122381?v=3",
      "gravatar_id": "",
      "url": "https://api.github.com/users/alhazred",
      "html_url": "https://github.com/alhazred",
      "followers_url": "https://api.github.com/users/alhazred/followers",
      "following_url": "https://api.github.com/users/alhazred/following{/other_user}",
      "gists_url": "https://api.github.com/users/alhazred/gists{/gist_id}",
      "starred_url": "https://api.github.com/users/alhazred/starred{/owner}{/repo}",
      "subscriptions_url": "https://api.github.com/users/alhazred/subscriptions",
      "organizations_url": "https://api.github.com/users/alhazred/orgs",
      "repos_url": "https://api.github.com/users/alhazred/repos",
      "events_url": "https://api.github.com/users/alhazred/events{/privacy}",
      "received_events_url": "https://api.github.com/users/alhazred/received_events",
      "type": "User",
      "site_admin": false
    },
    "labels": [

    ],
    "state": "open",
    "locked": false,
    "assignee": null,
    "milestone": null,
    "comments": 4,
    "created_at": "2015-05-12T11:40:20Z",
    "updated_at": "2015-05-14T08:20:23Z",
    "closed_at": null,
    "body": "```\r\n# ./node\r\nSegmentation Fault (core dumped)\r\n# mdb core\r\nLoading modules: [ libumem.so.1 libc.so.1 ld.so.1 ]\r\n> $G\r\nC++ symbol demangling enabled\r\n> $c\r\nv8::internal::String::WriteToFlat<unsigned short>+0x7fc(9e025971, 9e026d36, 1f, 3c, 804787c, 6a7)\r\n_ZN2v88internalL39StringReplaceGlobalAtomRegExpWithStringINS0_16SeqTwoByteStringEEEPNS0_6ObjectEPNS0_7IsolateENS0_6HandleINS0_6StringEEENS7_\r\nINS0_8JSRegExpEEES9_NS7_INS0_7JSArrayEEE.constprop.415+0x15f(9044008, 80479a8, 80479a4, 80479a0, 804799c, 8)\r\nv8::internal::Runtime_StringReplaceGlobalRegExpWithString+0x50f(4, 80479a8, 9044008, bcb0a361, 8047980, 80479d8)\r\n0xbcb0a3d6(98a69809, 9ff234f1, 9e026bf9, 9e025971, 98a08091, 98a08091)\r\n0xbcb5bab3(9ff234f1, 9e026bf9, 9e025971, 98a2f271, 9ff360d5, 98a3978d)\r\n0xbcb591c8(98a410b1, 98a3978d, 98a08091, 98a08091, 98a08091, 98a08091)\r\n0xbcb4da13(98a364f1, 98a410b1, 98a41115, 98a40ff5, 8047a6c, bcb46f15)\r\n0xbcb4d0ec(98a41139, 98a364f1, 98a41115, bcb46e81, 10, 0)\r\n0xbcb46f15(0, 0, bcb25601, 0, 0, 0)\r\n0xbcb256aa(bcb4cae0, 9e041d65, 98a364f1, 1, 8047c0c, 90b9cb8)\r\nv8::internal::Execution::Call+0x129(8047b3c, 9044008, 908d014, 908d018, 1, 8047c0c)\r\nv8::Function::Call+0x99(8047bb0, 908d014, 908d018, 1, 8047c0c, 908d050)\r\nnode::LoadEnvironment+0x278(909cac8, 0, 9043fd8, 833535f)\r\nnode::Start+0x14d(1, 8047d20, 8047cf8, 8324a2a, feffb0a4, 8047d00)\r\nmain+0x1b(8047cdc, fe8586e8, 8047d14, 8239df3, 1, 8047d20)\r\n_start+0x83(1, 8047de0, 0, 8047de7, 8047df8, 8047e03)\r\n```"
  },
  {
    "url": "https://api.github.com/repos/joyent/node/issues/25280",
    "labels_url": "https://api.github.com/repos/joyent/node/issues/25280/labels{/name}",
    "comments_url": "https://api.github.com/repos/joyent/node/issues/25280/comments",
    "events_url": "https://api.github.com/repos/joyent/node/issues/25280/events",
    "html_url": "https://github.com/joyent/node/issues/25280",
    "id": 75492938,
    "number": 25280,
    "title": "test: Fix make jslint to include test scripts too.",
    "user": {
      "login": "saquibkhan",
      "id": 5888249,
      "avatar_url": "https://avatars.githubusercontent.com/u/5888249?v=3",
      "gravatar_id": "",
      "url": "https://api.github.com/users/saquibkhan",
      "html_url": "https://github.com/saquibkhan",
      "followers_url": "https://api.github.com/users/saquibkhan/followers",
      "following_url": "https://api.github.com/users/saquibkhan/following{/other_user}",
      "gists_url": "https://api.github.com/users/saquibkhan/gists{/gist_id}",
      "starred_url": "https://api.github.com/users/saquibkhan/starred{/owner}{/repo}",
      "subscriptions_url": "https://api.github.com/users/saquibkhan/subscriptions",
      "organizations_url": "https://api.github.com/users/saquibkhan/orgs",
      "repos_url": "https://api.github.com/users/saquibkhan/repos",
      "events_url": "https://api.github.com/users/saquibkhan/events{/privacy}",
      "received_events_url": "https://api.github.com/users/saquibkhan/received_events",
      "type": "User",
      "site_admin": false
    },
    "labels": [
      {
        "url": "https://api.github.com/repos/joyent/node/labels/confirmed-feature",
        "name": "confirmed-feature",
        "color": "5319e7"
      },
      {
        "url": "https://api.github.com/repos/joyent/node/labels/master",
        "name": "master",
        "color": "5319e7"
      },
      {
        "url": "https://api.github.com/repos/joyent/node/labels/test",
        "name": "test",
        "color": "944008"
      }
    ],
    "state": "open",
    "locked": false,
    "assignee": null,
    "milestone": {
      "url": "https://api.github.com/repos/joyent/node/milestones/31",
      "html_url": "https://github.com/joyent/node/milestones/0.13.1",
      "labels_url": "https://api.github.com/repos/joyent/node/milestones/31/labels",
      "id": 999695,
      "number": 31,
      "title": "0.13.1",
      "description": "",
      "creator": {
        "login": "misterdjules",
        "id": 811047,
        "avatar_url": "https://avatars.githubusercontent.com/u/811047?v=3",
        "gravatar_id": "",
        "url": "https://api.github.com/users/misterdjules",
        "html_url": "https://github.com/misterdjules",
        "followers_url": "https://api.github.com/users/misterdjules/followers",
        "following_url": "https://api.github.com/users/misterdjules/following{/other_user}",
        "gists_url": "https://api.github.com/users/misterdjules/gists{/gist_id}",
        "starred_url": "https://api.github.com/users/misterdjules/starred{/owner}{/repo}",
        "subscriptions_url": "https://api.github.com/users/misterdjules/subscriptions",
        "organizations_url": "https://api.github.com/users/misterdjules/orgs",
        "repos_url": "https://api.github.com/users/misterdjules/repos",
        "events_url": "https://api.github.com/users/misterdjules/events{/privacy}",
        "received_events_url": "https://api.github.com/users/misterdjules/received_events",
        "type": "User",
        "site_admin": false
      },
      "open_issues": 11,
      "closed_issues": 7,
      "state": "open",
      "created_at": "2015-02-28T01:54:34Z",
      "updated_at": "2015-05-13T22:56:01Z",
      "due_on": null,
      "closed_at": null
    },
    "comments": 9,
    "created_at": "2015-05-12T07:01:46Z",
    "updated_at": "2015-05-17T21:35:09Z",
    "closed_at": null,
    "body": "Lint doesn't run on test scripts and errors are caught at later stage during code review.\r\n\r\nWe should fix ```make jshint``` to include test scripts too."
  },
  {
    "url": "https://api.github.com/repos/joyent/node/issues/25279",
    "labels_url": "https://api.github.com/repos/joyent/node/issues/25279/labels{/name}",
    "comments_url": "https://api.github.com/repos/joyent/node/issues/25279/comments",
    "events_url": "https://api.github.com/repos/joyent/node/issues/25279/events",
    "html_url": "https://github.com/joyent/node/issues/25279",
    "id": 75412663,
    "number": 25279,
    "title": "test/simple/test-tls-server-verify.js times out on our Windows 2012 Jenkins agent",
    "user": {
      "login": "misterdjules",
      "id": 811047,
      "avatar_url": "https://avatars.githubusercontent.com/u/811047?v=3",
      "gravatar_id": "",
      "url": "https://api.github.com/users/misterdjules",
      "html_url": "https://github.com/misterdjules",
      "followers_url": "https://api.github.com/users/misterdjules/followers",
      "following_url": "https://api.github.com/users/misterdjules/following{/other_user}",
      "gists_url": "https://api.github.com/users/misterdjules/gists{/gist_id}",
      "starred_url": "https://api.github.com/users/misterdjules/starred{/owner}{/repo}",
      "subscriptions_url": "https://api.github.com/users/misterdjules/subscriptions",
      "organizations_url": "https://api.github.com/users/misterdjules/orgs",
      "repos_url": "https://api.github.com/users/misterdjules/repos",
      "events_url": "https://api.github.com/users/misterdjules/events{/privacy}",
      "received_events_url": "https://api.github.com/users/misterdjules/received_events",
      "type": "User",
      "site_admin": false
    },
    "labels": [
      {
        "url": "https://api.github.com/repos/joyent/node/labels/confirmed-bug",
        "name": "confirmed-bug",
        "color": "444444"
      },
      {
        "url": "https://api.github.com/repos/joyent/node/labels/P-1",
        "name": "P-1",
        "color": "e11d21"
      },
      {
        "url": "https://api.github.com/repos/joyent/node/labels/test",
        "name": "test",
        "color": "944008"
      },
      {
        "url": "https://api.github.com/repos/joyent/node/labels/v0.12",
        "name": "v0.12",
        "color": "ededed"
      },
      {
        "url": "https://api.github.com/repos/joyent/node/labels/windows",
        "name": "windows",
        "color": "0b02e1"
      }
    ],
    "state": "open",
    "locked": false,
    "assignee": {
      "login": "orangemocha",
      "id": 1625870,
      "avatar_url": "https://avatars.githubusercontent.com/u/1625870?v=3",
      "gravatar_id": "",
      "url": "https://api.github.com/users/orangemocha",
      "html_url": "https://github.com/orangemocha",
      "followers_url": "https://api.github.com/users/orangemocha/followers",
      "following_url": "https://api.github.com/users/orangemocha/following{/other_user}",
      "gists_url": "https://api.github.com/users/orangemocha/gists{/gist_id}",
      "starred_url": "https://api.github.com/users/orangemocha/starred{/owner}{/repo}",
      "subscriptions_url": "https://api.github.com/users/orangemocha/subscriptions",
      "organizations_url": "https://api.github.com/users/orangemocha/orgs",
      "repos_url": "https://api.github.com/users/orangemocha/repos",
      "events_url": "https://api.github.com/users/orangemocha/events{/privacy}",
      "received_events_url": "https://api.github.com/users/orangemocha/received_events",
      "type": "User",
      "site_admin": false
    },
    "milestone": null,
    "comments": 4,
    "created_at": "2015-05-12T01:10:12Z",
    "updated_at": "2015-05-14T11:57:17Z",
    "closed_at": null,
    "body": "This currently prevents us from using the node-accept-pull-request job to land changes. I did some additional tests, and `test/simple/test-tls-server-verify.js` takes around 80 seconds to run on our Windows 2012 server Jenkins agent. It takes less time on my local Windows 7 VMWare VM (under 60 seconds).\r\n\r\n@orangemocha Do you have some time to look into this?"
  },
  {
    "url": "https://api.github.com/repos/joyent/node/issues/25277",
    "labels_url": "https://api.github.com/repos/joyent/node/issues/25277/labels{/name}",
    "comments_url": "https://api.github.com/repos/joyent/node/issues/25277/comments",
    "events_url": "https://api.github.com/repos/joyent/node/issues/25277/events",
    "html_url": "https://github.com/joyent/node/issues/25277",
    "id": 75242941,
    "number": 25277,
    "title": "Is PSK (Pre-shared keys) supported by Node.js?",
    "user": {
      "login": "flyingmouse",
      "id": 3442302,
      "avatar_url": "https://avatars.githubusercontent.com/u/3442302?v=3",
      "gravatar_id": "",
      "url": "https://api.github.com/users/flyingmouse",
      "html_url": "https://github.com/flyingmouse",
      "followers_url": "https://api.github.com/users/flyingmouse/followers",
      "following_url": "https://api.github.com/users/flyingmouse/following{/other_user}",
      "gists_url": "https://api.github.com/users/flyingmouse/gists{/gist_id}",
      "starred_url": "https://api.github.com/users/flyingmouse/starred{/owner}{/repo}",
      "subscriptions_url": "https://api.github.com/users/flyingmouse/subscriptions",
      "organizations_url": "https://api.github.com/users/flyingmouse/orgs",
      "repos_url": "https://api.github.com/users/flyingmouse/repos",
      "events_url": "https://api.github.com/users/flyingmouse/events{/privacy}",
      "received_events_url": "https://api.github.com/users/flyingmouse/received_events",
      "type": "User",
      "site_admin": false
    },
    "labels": [
      {
        "url": "https://api.github.com/repos/joyent/node/labels/feature-request",
        "name": "feature-request",
        "color": "0b02e1"
      }
    ],
    "state": "open",
    "locked": false,
    "assignee": null,
    "milestone": null,
    "comments": 3,
    "created_at": "2015-05-11T14:33:21Z",
    "updated_at": "2015-05-14T23:38:10Z",
    "closed_at": null,
    "body": "I'm trying to implement a client in node.js that can field a request that wants to handshake using pre-shared keys (PSK) with a MQTT server (Mosquitto) which supports PSK. I can't seem to find any samples or documentation that talks about how you'd set this up. Is this mechanism supported by node.js? Thanks in advance for your help!"
  },
  {
    "url": "https://api.github.com/repos/joyent/node/issues/25276",
    "labels_url": "https://api.github.com/repos/joyent/node/issues/25276/labels{/name}",
    "comments_url": "https://api.github.com/repos/joyent/node/issues/25276/comments",
    "events_url": "https://api.github.com/repos/joyent/node/issues/25276/events",
    "html_url": "https://github.com/joyent/node/issues/25276",
    "id": 75144553,
    "number": 25276,
    "title": "Intolerance to TLS False Start",
    "user": {
      "login": "cconcolato",
      "id": 1830314,
      "avatar_url": "https://avatars.githubusercontent.com/u/1830314?v=3",
      "gravatar_id": "",
      "url": "https://api.github.com/users/cconcolato",
      "html_url": "https://github.com/cconcolato",
      "followers_url": "https://api.github.com/users/cconcolato/followers",
      "following_url": "https://api.github.com/users/cconcolato/following{/other_user}",
      "gists_url": "https://api.github.com/users/cconcolato/gists{/gist_id}",
      "starred_url": "https://api.github.com/users/cconcolato/starred{/owner}{/repo}",
      "subscriptions_url": "https://api.github.com/users/cconcolato/subscriptions",
      "organizations_url": "https://api.github.com/users/cconcolato/orgs",
      "repos_url": "https://api.github.com/users/cconcolato/repos",
      "events_url": "https://api.github.com/users/cconcolato/events{/privacy}",
      "received_events_url": "https://api.github.com/users/cconcolato/received_events",
      "type": "User",
      "site_admin": false
    },
    "labels": [
      {
        "url": "https://api.github.com/repos/joyent/node/labels/feature-request",
        "name": "feature-request",
        "color": "0b02e1"
      }
    ],
    "state": "open",
    "locked": false,
    "assignee": null,
    "milestone": null,
    "comments": 1,
    "created_at": "2015-05-11T09:00:37Z",
    "updated_at": "2015-05-14T23:41:46Z",
    "closed_at": null,
    "body": "This issue started as [issue 485080 on Google Chrome](https://code.google.com/p/chromium/issues/detail?id=485080). \r\n\r\nTo reproduce the issue, on a Linux Ubuntu (14.04):\r\n1. Clone the repository https://github.com/cconcolato/http2-push\r\n2. Edit the server to replace 'localhost' by your IP address\r\n3. Run the server with nodejs v0.12.2 \r\n4. Open Chrome on the same machine or on a separate machine and navigate to https://<serverIP>:8091/client.html\r\n5. Bypass the certificate warning \"Proceed to <IP> (unsafe)\"\r\n6. You should see Chrome displaying ERR_CONNECTION_CLOSED.\r\n7. Change Google Chrome Policy (see Chrome's issue for detail), you should see ERR_CONNECTION_RESET\r\n\r\nAccording to [Chrome's people analysis](https://code.google.com/p/chromium/issues/detail?id=485080#c6), Node seems to have a problem with TLS False Start. "
  },
  {
    "url": "https://api.github.com/repos/joyent/node/issues/25275",
    "labels_url": "https://api.github.com/repos/joyent/node/issues/25275/labels{/name}",
    "comments_url": "https://api.github.com/repos/joyent/node/issues/25275/comments",
    "events_url": "https://api.github.com/repos/joyent/node/issues/25275/events",
    "html_url": "https://github.com/joyent/node/pull/25275",
    "id": 74619236,
    "number": 25275,
    "title": "Add autoClose=true option to fs.createWrireStream #20880",
    "user": {
      "login": "saquibkhan",
      "id": 5888249,
      "avatar_url": "https://avatars.githubusercontent.com/u/5888249?v=3",
      "gravatar_id": "",
      "url": "https://api.github.com/users/saquibkhan",
      "html_url": "https://github.com/saquibkhan",
      "followers_url": "https://api.github.com/users/saquibkhan/followers",
      "following_url": "https://api.github.com/users/saquibkhan/following{/other_user}",
      "gists_url": "https://api.github.com/users/saquibkhan/gists{/gist_id}",
      "starred_url": "https://api.github.com/users/saquibkhan/starred{/owner}{/repo}",
      "subscriptions_url": "https://api.github.com/users/saquibkhan/subscriptions",
      "organizations_url": "https://api.github.com/users/saquibkhan/orgs",
      "repos_url": "https://api.github.com/users/saquibkhan/repos",
      "events_url": "https://api.github.com/users/saquibkhan/events{/privacy}",
      "received_events_url": "https://api.github.com/users/saquibkhan/received_events",
      "type": "User",
      "site_admin": false
    },
    "labels": [
      {
        "url": "https://api.github.com/repos/joyent/node/labels/master",
        "name": "master",
        "color": "5319e7"
      },
      {
        "url": "https://api.github.com/repos/joyent/node/labels/pr",
        "name": "pr",
        "color": "006b75"
      }
    ],
    "state": "open",
    "locked": false,
    "assignee": null,
    "milestone": {
      "url": "https://api.github.com/repos/joyent/node/milestones/31",
      "html_url": "https://github.com/joyent/node/milestones/0.13.1",
      "labels_url": "https://api.github.com/repos/joyent/node/milestones/31/labels",
      "id": 999695,
      "number": 31,
      "title": "0.13.1",
      "description": "",
      "creator": {
        "login": "misterdjules",
        "id": 811047,
        "avatar_url": "https://avatars.githubusercontent.com/u/811047?v=3",
        "gravatar_id": "",
        "url": "https://api.github.com/users/misterdjules",
        "html_url": "https://github.com/misterdjules",
        "followers_url": "https://api.github.com/users/misterdjules/followers",
        "following_url": "https://api.github.com/users/misterdjules/following{/other_user}",
        "gists_url": "https://api.github.com/users/misterdjules/gists{/gist_id}",
        "starred_url": "https://api.github.com/users/misterdjules/starred{/owner}{/repo}",
        "subscriptions_url": "https://api.github.com/users/misterdjules/subscriptions",
        "organizations_url": "https://api.github.com/users/misterdjules/orgs",
        "repos_url": "https://api.github.com/users/misterdjules/repos",
        "events_url": "https://api.github.com/users/misterdjules/events{/privacy}",
        "received_events_url": "https://api.github.com/users/misterdjules/received_events",
        "type": "User",
        "site_admin": false
      },
      "open_issues": 11,
      "closed_issues": 7,
      "state": "open",
      "created_at": "2015-02-28T01:54:34Z",
      "updated_at": "2015-05-13T22:56:01Z",
      "due_on": null,
      "closed_at": null
    },
    "comments": 14,
    "created_at": "2015-05-09T08:11:57Z",
    "updated_at": "2015-05-12T00:44:28Z",
    "closed_at": null,
    "pull_request": {
      "url": "https://api.github.com/repos/joyent/node/pulls/25275",
      "html_url": "https://github.com/joyent/node/pull/25275",
      "diff_url": "https://github.com/joyent/node/pull/25275.diff",
      "patch_url": "https://github.com/joyent/node/pull/25275.patch"
    },
    "body": "Adding autoClose=true/false option to fs.createWrireStream."
  }
]
